2024-06-09T16:48:50.415Z | INFO   | Server started in PORT | 3001
2024-06-09T16:48:50.417Z | ERROR  | DB Connection Fail | MongooseError: The `uri` parameter to `openUri()` must be a string, got "undefined". Make sure the first parameter to `mongoose.connect()` or `mongoose.createConnection()` is a string.
    at Connection.openUri (/Users/shivamgarg/Himral/Projects/SplitApp-main/node_modules/mongoose/lib/connection.js:689:11)
    at /Users/shivamgarg/Himral/Projects/SplitApp-main/node_modules/mongoose/lib/index.js:377:10
    at /Users/shivamgarg/Himral/Projects/SplitApp-main/node_modules/mongoose/lib/helpers/promiseOrCallback.js:32:5
    at new Promise (<anonymous>)
    at promiseOrCallback (/Users/shivamgarg/Himral/Projects/SplitApp-main/node_modules/mongoose/lib/helpers/promiseOrCallback.js:31:10)
    at Mongoose._promiseOrCallback (/Users/shivamgarg/Himral/Projects/SplitApp-main/node_modules/mongoose/lib/index.js:1220:10)
    at Mongoose.connect (/Users/shivamgarg/Himral/Projects/SplitApp-main/node_modules/mongoose/lib/index.js:376:20)
    at Object.<anonymous> (/Users/shivamgarg/Himral/Projects/SplitApp-main/model/schema.js:4:10)
    at Module._compile (node:internal/modules/cjs/loader:1368:14)
    at Module._extensions..js (node:internal/modules/cjs/loader:1426:10)
2024-06-09T17:02:45.157Z | INFO   | Server started in PORT | 3001
2024-06-09T17:02:45.158Z | ERROR  | DB Connection Fail | MongooseError: The `uri` parameter to `openUri()` must be a string, got "undefined". Make sure the first parameter to `mongoose.connect()` or `mongoose.createConnection()` is a string.
    at Connection.openUri (/Users/shivamgarg/Himral/Projects/SplitApp-main/node_modules/mongoose/lib/connection.js:689:11)
    at /Users/shivamgarg/Himral/Projects/SplitApp-main/node_modules/mongoose/lib/index.js:377:10
    at /Users/shivamgarg/Himral/Projects/SplitApp-main/node_modules/mongoose/lib/helpers/promiseOrCallback.js:32:5
    at new Promise (<anonymous>)
    at promiseOrCallback (/Users/shivamgarg/Himral/Projects/SplitApp-main/node_modules/mongoose/lib/helpers/promiseOrCallback.js:31:10)
    at Mongoose._promiseOrCallback (/Users/shivamgarg/Himral/Projects/SplitApp-main/node_modules/mongoose/lib/index.js:1220:10)
    at Mongoose.connect (/Users/shivamgarg/Himral/Projects/SplitApp-main/node_modules/mongoose/lib/index.js:376:20)
    at Object.<anonymous> (/Users/shivamgarg/Himral/Projects/SplitApp-main/model/schema.js:4:10)
    at Module._compile (node:internal/modules/cjs/loader:1368:14)
    at Module._extensions..js (node:internal/modules/cjs/loader:1426:10)
2024-06-09T17:04:30.612Z | INFO   | Server started in PORT | 3001
2024-06-09T17:04:30.614Z | ERROR  | DB Connection Fail | MongooseError: The `uri` parameter to `openUri()` must be a string, got "undefined". Make sure the first parameter to `mongoose.connect()` or `mongoose.createConnection()` is a string.
    at Connection.openUri (/Users/shivamgarg/Himral/Projects/SplitApp-main/node_modules/mongoose/lib/connection.js:689:11)
    at /Users/shivamgarg/Himral/Projects/SplitApp-main/node_modules/mongoose/lib/index.js:377:10
    at /Users/shivamgarg/Himral/Projects/SplitApp-main/node_modules/mongoose/lib/helpers/promiseOrCallback.js:32:5
    at new Promise (<anonymous>)
    at promiseOrCallback (/Users/shivamgarg/Himral/Projects/SplitApp-main/node_modules/mongoose/lib/helpers/promiseOrCallback.js:31:10)
    at Mongoose._promiseOrCallback (/Users/shivamgarg/Himral/Projects/SplitApp-main/node_modules/mongoose/lib/index.js:1220:10)
    at Mongoose.connect (/Users/shivamgarg/Himral/Projects/SplitApp-main/node_modules/mongoose/lib/index.js:376:20)
    at Object.<anonymous> (/Users/shivamgarg/Himral/Projects/SplitApp-main/model/schema.js:4:10)
    at Module._compile (node:internal/modules/cjs/loader:1368:14)
    at Module._extensions..js (node:internal/modules/cjs/loader:1426:10)
2024-06-09T17:05:43.203Z | INFO   | Server started in PORT | 3001
2024-06-09T17:05:43.205Z | ERROR  | DB Connection Fail | MongooseError: The `uri` parameter to `openUri()` must be a string, got "undefined". Make sure the first parameter to `mongoose.connect()` or `mongoose.createConnection()` is a string.
    at Connection.openUri (/Users/shivamgarg/Himral/Projects/SplitApp-main/node_modules/mongoose/lib/connection.js:689:11)
    at /Users/shivamgarg/Himral/Projects/SplitApp-main/node_modules/mongoose/lib/index.js:377:10
    at /Users/shivamgarg/Himral/Projects/SplitApp-main/node_modules/mongoose/lib/helpers/promiseOrCallback.js:32:5
    at new Promise (<anonymous>)
    at promiseOrCallback (/Users/shivamgarg/Himral/Projects/SplitApp-main/node_modules/mongoose/lib/helpers/promiseOrCallback.js:31:10)
    at Mongoose._promiseOrCallback (/Users/shivamgarg/Himral/Projects/SplitApp-main/node_modules/mongoose/lib/index.js:1220:10)
    at Mongoose.connect (/Users/shivamgarg/Himral/Projects/SplitApp-main/node_modules/mongoose/lib/index.js:376:20)
    at Object.<anonymous> (/Users/shivamgarg/Himral/Projects/SplitApp-main/model/schema.js:4:10)
    at Module._compile (node:internal/modules/cjs/loader:1368:14)
    at Module._extensions..js (node:internal/modules/cjs/loader:1426:10)
2024-06-09T17:06:51.995Z | INFO   | Server started in PORT | 3001
2024-06-09T17:06:51.997Z | ERROR  | DB Connection Fail | MongooseError: The `uri` parameter to `openUri()` must be a string, got "undefined". Make sure the first parameter to `mongoose.connect()` or `mongoose.createConnection()` is a string.
    at Connection.openUri (/Users/shivamgarg/Himral/Projects/SplitApp-main/node_modules/mongoose/lib/connection.js:689:11)
    at /Users/shivamgarg/Himral/Projects/SplitApp-main/node_modules/mongoose/lib/index.js:377:10
    at /Users/shivamgarg/Himral/Projects/SplitApp-main/node_modules/mongoose/lib/helpers/promiseOrCallback.js:32:5
    at new Promise (<anonymous>)
    at promiseOrCallback (/Users/shivamgarg/Himral/Projects/SplitApp-main/node_modules/mongoose/lib/helpers/promiseOrCallback.js:31:10)
    at Mongoose._promiseOrCallback (/Users/shivamgarg/Himral/Projects/SplitApp-main/node_modules/mongoose/lib/index.js:1220:10)
    at Mongoose.connect (/Users/shivamgarg/Himral/Projects/SplitApp-main/node_modules/mongoose/lib/index.js:376:20)
    at Object.<anonymous> (/Users/shivamgarg/Himral/Projects/SplitApp-main/model/schema.js:4:10)
    at Module._compile (node:internal/modules/cjs/loader:1368:14)
    at Module._extensions..js (node:internal/modules/cjs/loader:1426:10)
2024-06-09T17:08:11.960Z | INFO   | Server started in PORT | 3001
2024-06-09T17:08:11.962Z | ERROR  | DB Connection Fail | MongooseError: The `uri` parameter to `openUri()` must be a string, got "undefined". Make sure the first parameter to `mongoose.connect()` or `mongoose.createConnection()` is a string.
    at Connection.openUri (/Users/shivamgarg/Himral/Projects/SplitApp-main/node_modules/mongoose/lib/connection.js:689:11)
    at /Users/shivamgarg/Himral/Projects/SplitApp-main/node_modules/mongoose/lib/index.js:377:10
    at /Users/shivamgarg/Himral/Projects/SplitApp-main/node_modules/mongoose/lib/helpers/promiseOrCallback.js:32:5
    at new Promise (<anonymous>)
    at promiseOrCallback (/Users/shivamgarg/Himral/Projects/SplitApp-main/node_modules/mongoose/lib/helpers/promiseOrCallback.js:31:10)
    at Mongoose._promiseOrCallback (/Users/shivamgarg/Himral/Projects/SplitApp-main/node_modules/mongoose/lib/index.js:1220:10)
    at Mongoose.connect (/Users/shivamgarg/Himral/Projects/SplitApp-main/node_modules/mongoose/lib/index.js:376:20)
    at Object.<anonymous> (/Users/shivamgarg/Himral/Projects/SplitApp-main/model/schema.js:5:10)
    at Module._compile (node:internal/modules/cjs/loader:1368:14)
    at Module._extensions..js (node:internal/modules/cjs/loader:1426:10)
2024-06-09T17:09:54.116Z | INFO   | Server started in PORT | 3001
2024-06-09T17:09:54.117Z | ERROR  | DB Connection Fail | MongooseError: The `uri` parameter to `openUri()` must be a string, got "undefined". Make sure the first parameter to `mongoose.connect()` or `mongoose.createConnection()` is a string.
    at Connection.openUri (/Users/shivamgarg/Himral/Projects/SplitApp-main/node_modules/mongoose/lib/connection.js:689:11)
    at /Users/shivamgarg/Himral/Projects/SplitApp-main/node_modules/mongoose/lib/index.js:377:10
    at /Users/shivamgarg/Himral/Projects/SplitApp-main/node_modules/mongoose/lib/helpers/promiseOrCallback.js:32:5
    at new Promise (<anonymous>)
    at promiseOrCallback (/Users/shivamgarg/Himral/Projects/SplitApp-main/node_modules/mongoose/lib/helpers/promiseOrCallback.js:31:10)
    at Mongoose._promiseOrCallback (/Users/shivamgarg/Himral/Projects/SplitApp-main/node_modules/mongoose/lib/index.js:1220:10)
    at Mongoose.connect (/Users/shivamgarg/Himral/Projects/SplitApp-main/node_modules/mongoose/lib/index.js:376:20)
    at Object.<anonymous> (/Users/shivamgarg/Himral/Projects/SplitApp-main/model/schema.js:5:10)
    at Module._compile (node:internal/modules/cjs/loader:1368:14)
    at Module._extensions..js (node:internal/modules/cjs/loader:1426:10)
2024-06-09T17:10:21.933Z | INFO   | Server started in PORT | 3001
2024-06-09T17:10:21.934Z | ERROR  | DB Connection Fail | MongooseError: The `uri` parameter to `openUri()` must be a string, got "undefined". Make sure the first parameter to `mongoose.connect()` or `mongoose.createConnection()` is a string.
    at Connection.openUri (/Users/shivamgarg/Himral/Projects/SplitApp-main/node_modules/mongoose/lib/connection.js:689:11)
    at /Users/shivamgarg/Himral/Projects/SplitApp-main/node_modules/mongoose/lib/index.js:377:10
    at /Users/shivamgarg/Himral/Projects/SplitApp-main/node_modules/mongoose/lib/helpers/promiseOrCallback.js:32:5
    at new Promise (<anonymous>)
    at promiseOrCallback (/Users/shivamgarg/Himral/Projects/SplitApp-main/node_modules/mongoose/lib/helpers/promiseOrCallback.js:31:10)
    at Mongoose._promiseOrCallback (/Users/shivamgarg/Himral/Projects/SplitApp-main/node_modules/mongoose/lib/index.js:1220:10)
    at Mongoose.connect (/Users/shivamgarg/Himral/Projects/SplitApp-main/node_modules/mongoose/lib/index.js:376:20)
    at Object.<anonymous> (/Users/shivamgarg/Himral/Projects/SplitApp-main/model/schema.js:5:10)
    at Module._compile (node:internal/modules/cjs/loader:1368:14)
    at Module._extensions..js (node:internal/modules/cjs/loader:1426:10)
2024-06-09T17:11:33.630Z | INFO   | Server started in PORT | 3001
2024-06-09T17:11:33.632Z | ERROR  | DB Connection Fail | MongooseError: The `uri` parameter to `openUri()` must be a string, got "undefined". Make sure the first parameter to `mongoose.connect()` or `mongoose.createConnection()` is a string.
    at Connection.openUri (/Users/shivamgarg/Himral/Projects/SplitApp-main/node_modules/mongoose/lib/connection.js:689:11)
    at /Users/shivamgarg/Himral/Projects/SplitApp-main/node_modules/mongoose/lib/index.js:377:10
    at /Users/shivamgarg/Himral/Projects/SplitApp-main/node_modules/mongoose/lib/helpers/promiseOrCallback.js:32:5
    at new Promise (<anonymous>)
    at promiseOrCallback (/Users/shivamgarg/Himral/Projects/SplitApp-main/node_modules/mongoose/lib/helpers/promiseOrCallback.js:31:10)
    at Mongoose._promiseOrCallback (/Users/shivamgarg/Himral/Projects/SplitApp-main/node_modules/mongoose/lib/index.js:1220:10)
    at Mongoose.connect (/Users/shivamgarg/Himral/Projects/SplitApp-main/node_modules/mongoose/lib/index.js:376:20)
    at Object.<anonymous> (/Users/shivamgarg/Himral/Projects/SplitApp-main/model/schema.js:5:10)
    at Module._compile (node:internal/modules/cjs/loader:1368:14)
    at Module._extensions..js (node:internal/modules/cjs/loader:1426:10)
2024-06-09T17:13:26.218Z | INFO   | Server started in PORT | 3001
2024-06-09T17:13:26.220Z | ERROR  | DB Connection Fail | MongooseError: The `uri` parameter to `openUri()` must be a string, got "undefined". Make sure the first parameter to `mongoose.connect()` or `mongoose.createConnection()` is a string.
    at Connection.openUri (/Users/shivamgarg/Himral/Projects/SplitApp-main/node_modules/mongoose/lib/connection.js:689:11)
    at /Users/shivamgarg/Himral/Projects/SplitApp-main/node_modules/mongoose/lib/index.js:377:10
    at /Users/shivamgarg/Himral/Projects/SplitApp-main/node_modules/mongoose/lib/helpers/promiseOrCallback.js:32:5
    at new Promise (<anonymous>)
    at promiseOrCallback (/Users/shivamgarg/Himral/Projects/SplitApp-main/node_modules/mongoose/lib/helpers/promiseOrCallback.js:31:10)
    at Mongoose._promiseOrCallback (/Users/shivamgarg/Himral/Projects/SplitApp-main/node_modules/mongoose/lib/index.js:1220:10)
    at Mongoose.connect (/Users/shivamgarg/Himral/Projects/SplitApp-main/node_modules/mongoose/lib/index.js:376:20)
    at Object.<anonymous> (/Users/shivamgarg/Himral/Projects/SplitApp-main/model/schema.js:5:10)
    at Module._compile (node:internal/modules/cjs/loader:1368:14)
    at Module._extensions..js (node:internal/modules/cjs/loader:1426:10)
2024-06-09T17:14:06.781Z | INFO   | Server started in PORT | 3001
2024-06-09T17:14:07.323Z | INFO   | DB Connection Established
2024-06-09T17:16:08.613Z | INFO   | API HIT : [POST] /api/users/v1/login
2024-06-09T17:16:08.660Z | ERROR  | URL : /api/users/v1/login | staus : 401 | message: Invalid email Id or Password ! Error: Invalid email Id or Password !
    at exports.userLogin (/Users/shivamgarg/Himral/Projects/SplitApp-main/components/user.js:66:23)
    at process.processTicksAndRejections (node:internal/process/task_queues:95:5)
2024-06-09T17:16:38.402Z | INFO   | API HIT : [POST] /api/users/v1/register
2024-06-09T17:16:38.631Z | INFO   | API HIT : [POST] /api/users/v1/login
2024-06-09T17:16:38.783Z | ERROR  | URL : /api/users/v1/login | staus : undefined | message: secretOrPrivateKey must have a value Error: secretOrPrivateKey must have a value
    at module.exports [as sign] (/Users/shivamgarg/Himral/Projects/SplitApp-main/node_modules/jsonwebtoken/sign.js:107:20)
    at exports.generateAccessToken (/Users/shivamgarg/Himral/Projects/SplitApp-main/helper/apiAuthentication.js:5:16)
    at exports.userLogin (/Users/shivamgarg/Himral/Projects/SplitApp-main/components/user.js:78:41)
2024-06-09T17:16:43.756Z | INFO   | API HIT : [POST] /api/users/v1/register
2024-06-09T17:16:43.803Z | ERROR  | URL : /api/users/v1/register | staus : 400 | message: Email Id already present please login!
2024-06-09T17:16:52.573Z | INFO   | API HIT : [POST] /api/users/v1/register
2024-06-09T17:16:52.793Z | INFO   | API HIT : [POST] /api/users/v1/login
2024-06-09T17:16:52.945Z | ERROR  | URL : /api/users/v1/login | staus : undefined | message: secretOrPrivateKey must have a value Error: secretOrPrivateKey must have a value
    at module.exports [as sign] (/Users/shivamgarg/Himral/Projects/SplitApp-main/node_modules/jsonwebtoken/sign.js:107:20)
    at exports.generateAccessToken (/Users/shivamgarg/Himral/Projects/SplitApp-main/helper/apiAuthentication.js:5:16)
    at exports.userLogin (/Users/shivamgarg/Himral/Projects/SplitApp-main/components/user.js:78:41)
2024-06-09T17:18:28.801Z | INFO   | API HIT : [POST] /api/users/v1/login
2024-06-09T17:18:28.968Z | ERROR  | URL : /api/users/v1/login | staus : 401 | message: Invalid email Id or Password* ! Error: Invalid email Id or Password* !
    at exports.userLogin (/Users/shivamgarg/Himral/Projects/SplitApp-main/components/user.js:74:23)
2024-06-09T17:18:34.685Z | INFO   | API HIT : [POST] /api/users/v1/login
2024-06-09T17:18:34.860Z | ERROR  | URL : /api/users/v1/login | staus : undefined | message: secretOrPrivateKey must have a value Error: secretOrPrivateKey must have a value
    at module.exports [as sign] (/Users/shivamgarg/Himral/Projects/SplitApp-main/node_modules/jsonwebtoken/sign.js:107:20)
    at exports.generateAccessToken (/Users/shivamgarg/Himral/Projects/SplitApp-main/helper/apiAuthentication.js:5:16)
    at exports.userLogin (/Users/shivamgarg/Himral/Projects/SplitApp-main/components/user.js:78:41)
2024-06-09T17:19:52.667Z | INFO   | API HIT : [POST] /api/users/v1/register
2024-06-09T17:19:52.899Z | INFO   | API HIT : [POST] /api/users/v1/login
2024-06-09T17:19:53.049Z | ERROR  | URL : /api/users/v1/login | staus : undefined | message: secretOrPrivateKey must have a value Error: secretOrPrivateKey must have a value
    at module.exports [as sign] (/Users/shivamgarg/Himral/Projects/SplitApp-main/node_modules/jsonwebtoken/sign.js:107:20)
    at exports.generateAccessToken (/Users/shivamgarg/Himral/Projects/SplitApp-main/helper/apiAuthentication.js:5:16)
    at exports.userLogin (/Users/shivamgarg/Himral/Projects/SplitApp-main/components/user.js:78:41)
2024-06-09T17:20:13.891Z | INFO   | API HIT : [POST] /api/users/v1/login
2024-06-09T17:20:14.066Z | ERROR  | URL : /api/users/v1/login | staus : undefined | message: secretOrPrivateKey must have a value Error: secretOrPrivateKey must have a value
    at module.exports [as sign] (/Users/shivamgarg/Himral/Projects/SplitApp-main/node_modules/jsonwebtoken/sign.js:107:20)
    at exports.generateAccessToken (/Users/shivamgarg/Himral/Projects/SplitApp-main/helper/apiAuthentication.js:5:16)
    at exports.userLogin (/Users/shivamgarg/Himral/Projects/SplitApp-main/components/user.js:78:41)
2024-06-09T17:21:36.694Z | INFO   | Server started in PORT | 3001
2024-06-09T17:21:40.233Z | INFO   | API HIT : [POST] /api/users/v1/login
2024-06-09T17:21:43.501Z | INFO   | DB Connection Established
2024-06-09T17:21:44.390Z | INFO   | API HIT : [POST] /api/expense/v1/user
2024-06-09T17:21:44.428Z | ERROR  | URL : /api/expense/v1/user | staus : 400 | message: No expense present for the user
2024-06-09T17:21:44.435Z | INFO   | API HIT : [POST] /api/group/v1/user
2024-06-09T17:21:50.380Z | INFO   | API HIT : [POST] /api/group/v1/user
2024-06-09T17:21:52.020Z | INFO   | API HIT : [GET] /api/users/v1/emailList
2024-06-09T17:21:55.390Z | INFO   | API HIT : [GET] /api/users/v1/emailList
2024-06-09T17:21:56.432Z | INFO   | API HIT : [POST] /api/expense/v1/user
2024-06-09T17:21:56.493Z | ERROR  | URL : /api/expense/v1/user | staus : 400 | message: No expense present for the user
2024-06-09T17:21:56.501Z | INFO   | API HIT : [POST] /api/group/v1/user
2024-06-09T17:22:02.718Z | INFO   | API HIT : [POST] /api/group/v1/user
2024-06-09T17:22:04.790Z | INFO   | API HIT : [GET] /api/users/v1/emailList
2024-06-09T17:22:16.761Z | INFO   | API HIT : [POST] /api/group/v1/user
2024-06-09T17:22:17.465Z | INFO   | API HIT : [POST] /api/expense/v1/user
2024-06-09T17:22:17.502Z | ERROR  | URL : /api/expense/v1/user | staus : 400 | message: No expense present for the user
2024-06-09T17:22:17.537Z | INFO   | API HIT : [POST] /api/group/v1/user
2024-06-09T17:28:48.881Z | INFO   | API HIT : [POST] /api/group/v1/user
2024-06-09T17:28:49.935Z | INFO   | API HIT : [GET] /api/users/v1/emailList
2024-06-09T17:28:52.446Z | INFO   | API HIT : [GET] /api/users/v1/emailList
2024-06-09T17:28:54.071Z | INFO   | API HIT : [POST] /api/expense/v1/user
2024-06-09T17:28:54.109Z | ERROR  | URL : /api/expense/v1/user | staus : 400 | message: No expense present for the user
2024-06-09T17:28:54.114Z | INFO   | API HIT : [POST] /api/group/v1/user
2024-06-09T17:28:56.774Z | INFO   | API HIT : [POST] /api/group/v1/user
2024-06-09T17:28:57.569Z | INFO   | API HIT : [GET] /api/users/v1/emailList
2024-06-09T17:29:00.307Z | INFO   | API HIT : [POST] /api/group/v1/user
2024-06-09T17:29:01.487Z | INFO   | API HIT : [POST] /api/expense/v1/user
2024-06-09T17:29:01.533Z | ERROR  | URL : /api/expense/v1/user | staus : 400 | message: No expense present for the user
2024-06-09T17:29:01.568Z | INFO   | API HIT : [POST] /api/group/v1/user
2024-06-09T17:29:29.552Z | INFO   | API HIT : [POST] /api/group/v1/user
2024-06-09T17:29:30.379Z | INFO   | API HIT : [GET] /api/users/v1/emailList
2024-06-09T17:29:32.273Z | INFO   | API HIT : [GET] /api/users/v1/emailList
2024-06-09T17:35:47.043Z | INFO   | API HIT : [POST] /api/expense/v1/user
2024-06-09T17:35:47.090Z | ERROR  | URL : /api/expense/v1/user | staus : 400 | message: No expense present for the user
2024-06-09T17:35:47.127Z | INFO   | API HIT : [POST] /api/group/v1/user
2024-06-09T17:37:23.286Z | INFO   | API HIT : [POST] /api/group/v1/user
2024-06-09T17:37:24.070Z | INFO   | API HIT : [GET] /api/users/v1/emailList
2024-06-09T17:37:35.140Z | INFO   | API HIT : [GET] /api/users/v1/emailList
2024-06-09T17:44:27.616Z | INFO   | API HIT : [GET] /api/users/v1/emailList
2024-06-09T17:44:29.614Z | INFO   | API HIT : [POST] /api/expense/v1/user
2024-06-09T17:44:29.661Z | ERROR  | URL : /api/expense/v1/user | staus : 400 | message: No expense present for the user
2024-06-09T17:44:29.696Z | INFO   | API HIT : [POST] /api/group/v1/user
2024-06-11T11:10:17.703Z | INFO   | Server started in PORT | 3001
2024-06-11T11:10:26.419Z | INFO   | DB Connection Established
2024-06-11T11:13:43.603Z | INFO   | API HIT : [GET] /main.08937f907ea6787efd0d.hot-update.json
2024-06-11T11:13:43.604Z | ERROR  | [Invalid Route] /main.08937f907ea6787efd0d.hot-update.json
2024-06-11T11:13:43.622Z | INFO   | API HIT : [GET] /
2024-06-11T11:13:43.623Z | ERROR  | [Invalid Route] /
2024-06-11T11:13:43.659Z | INFO   | API HIT : [GET] /favicon.ico
2024-06-11T11:13:43.659Z | ERROR  | [Invalid Route] /favicon.ico
2024-06-11T11:14:00.763Z | INFO   | API HIT : [GET] /
2024-06-11T11:14:00.764Z | ERROR  | [Invalid Route] /
2024-06-11T11:14:06.931Z | INFO   | API HIT : [GET] /
2024-06-11T11:14:06.932Z | ERROR  | [Invalid Route] /
2024-06-11T11:14:07.892Z | INFO   | API HIT : [GET] /
2024-06-11T11:14:07.892Z | ERROR  | [Invalid Route] /
2024-06-11T11:14:08.041Z | INFO   | API HIT : [GET] /
2024-06-11T11:14:08.042Z | ERROR  | [Invalid Route] /
2024-06-11T11:14:31.724Z | INFO   | API HIT : [POST] /api/expense/v1/user
2024-06-11T11:14:31.776Z | ERROR  | URL : /api/expense/v1/user | staus : 400 | message: No expense present for the user
2024-06-11T11:14:31.784Z | INFO   | API HIT : [POST] /api/group/v1/user
2024-06-11T11:17:07.792Z | INFO   | API HIT : [POST] /api/expense/v1/user
2024-06-11T11:17:07.832Z | ERROR  | URL : /api/expense/v1/user | staus : 400 | message: No expense present for the user
2024-06-11T11:17:07.840Z | INFO   | API HIT : [POST] /api/group/v1/user
2024-06-11T11:19:15.563Z | INFO   | API HIT : [POST] /api/group/v1/user
2024-06-11T11:19:16.844Z | INFO   | API HIT : [GET] /api/users/v1/emailList
2024-06-11T11:19:19.071Z | INFO   | API HIT : [GET] /api/users/v1/emailList
2024-06-11T11:20:48.943Z | INFO   | API HIT : [POST] /api/expense/v1/user
2024-06-11T11:20:49.012Z | ERROR  | URL : /api/expense/v1/user | staus : 400 | message: No expense present for the user
2024-06-11T11:20:49.049Z | INFO   | API HIT : [POST] /api/group/v1/user
2024-06-11T11:22:35.577Z | INFO   | API HIT : [POST] /api/group/v1/user
2024-06-11T11:22:36.417Z | INFO   | API HIT : [GET] /api/users/v1/emailList
2024-06-11T11:22:54.461Z | INFO   | API HIT : [GET] /api/users/v1/emailList
2024-06-11T11:22:56.418Z | INFO   | API HIT : [POST] /api/expense/v1/user
2024-06-11T11:22:56.462Z | ERROR  | URL : /api/expense/v1/user | staus : 400 | message: No expense present for the user
2024-06-11T11:22:56.499Z | INFO   | API HIT : [POST] /api/group/v1/user
2024-06-11T12:13:20.389Z | INFO   | API HIT : [POST] /api/expense/v1/user
2024-06-11T12:13:20.427Z | ERROR  | URL : /api/expense/v1/user | staus : 400 | message: No expense present for the user
2024-06-11T12:13:20.433Z | INFO   | API HIT : [POST] /api/group/v1/user
2024-06-11T12:13:31.910Z | INFO   | API HIT : [POST] /api/group/v1/user
2024-06-11T12:13:32.686Z | INFO   | API HIT : [POST] /api/expense/v1/user
2024-06-11T12:13:32.721Z | ERROR  | URL : /api/expense/v1/user | staus : 400 | message: No expense present for the user
2024-06-11T12:13:32.727Z | INFO   | API HIT : [POST] /api/group/v1/user
2024-06-11T12:13:59.417Z | INFO   | API HIT : [POST] /api/group/v1/user
2024-06-11T12:14:01.303Z | INFO   | API HIT : [GET] /api/users/v1/emailList
2024-06-11T12:14:08.167Z | INFO   | API HIT : [POST] /api/expense/v1/user
2024-06-11T12:14:08.209Z | ERROR  | URL : /api/expense/v1/user | staus : 400 | message: No expense present for the user
2024-06-11T12:14:08.218Z | INFO   | API HIT : [POST] /api/group/v1/user
2024-06-11T12:14:10.668Z | INFO   | API HIT : [POST] /api/users/v1/view
2024-06-11T12:14:30.142Z | INFO   | API HIT : [POST] /api/expense/v1/user
2024-06-11T12:14:30.177Z | ERROR  | URL : /api/expense/v1/user | staus : 400 | message: No expense present for the user
2024-06-11T12:14:30.184Z | INFO   | API HIT : [POST] /api/group/v1/user
2024-06-11T12:14:38.215Z | INFO   | API HIT : [POST] /api/users/v1/view
2024-06-11T12:14:40.042Z | INFO   | API HIT : [POST] /api/expense/v1/user
2024-06-11T12:14:40.079Z | ERROR  | URL : /api/expense/v1/user | staus : 400 | message: No expense present for the user
2024-06-11T12:14:40.123Z | INFO   | API HIT : [POST] /api/group/v1/user
2024-06-11T12:15:13.940Z | INFO   | API HIT : [POST] /api/group/v1/user
2024-06-11T12:15:14.941Z | INFO   | API HIT : [GET] /api/users/v1/emailList
2024-06-11T12:15:34.266Z | INFO   | API HIT : [POST] /api/group/v1/add
2024-06-11T12:15:35.214Z | INFO   | API HIT : [POST] /api/group/v1/view
2024-06-11T12:15:35.255Z | INFO   | API HIT : [POST] /api/expense/v1/group
2024-06-11T12:15:35.289Z | ERROR  | URL : /api/expense/v1/group | staus : 400 | message: No expense present for the group
2024-06-11T12:15:38.690Z | INFO   | API HIT : [POST] /api/group/v1/view
2024-06-11T12:15:58.007Z | INFO   | API HIT : [POST] /api/expense/v1/add
2024-06-11T12:15:58.447Z | INFO   | API HIT : [POST] /api/group/v1/view
2024-06-11T12:15:58.501Z | INFO   | API HIT : [POST] /api/expense/v1/group
2024-06-11T12:15:58.562Z | INFO   | API HIT : [POST] /api/expense/v1/group/categoryExp
2024-06-11T12:15:58.567Z | INFO   | API HIT : [POST] /api/expense/v1/group/monthlyExp
2024-06-11T12:15:58.627Z | INFO   | API HIT : [POST] /api/expense/v1/group/dailyExp
2024-06-11T12:16:08.217Z | INFO   | API HIT : [POST] /api/group/v1/settlement
2024-06-11T12:16:08.290Z | INFO   | API HIT : [POST] /api/group/v1/view
2024-06-11T12:16:12.218Z | INFO   | API HIT : [POST] /api/expense/v1/group/categoryExp
2024-06-11T12:16:12.220Z | INFO   | API HIT : [POST] /api/expense/v1/group/monthlyExp
2024-06-11T12:16:12.284Z | INFO   | API HIT : [POST] /api/expense/v1/group/dailyExp
2024-06-11T12:16:13.365Z | INFO   | API HIT : [POST] /api/expense/v1/user
2024-06-11T12:16:13.408Z | INFO   | API HIT : [POST] /api/group/v1/user
2024-06-11T12:16:13.508Z | INFO   | API HIT : [POST] /api/expense/v1/user/monthlyExp
2024-06-11T12:16:13.510Z | INFO   | API HIT : [POST] /api/group/v1/user
2024-06-11T12:16:13.511Z | INFO   | API HIT : [POST] /api/expense/v1/user/recent
2024-06-11T12:16:13.514Z | INFO   | API HIT : [POST] /api/expense/v1/user/categoryExp
2024-06-11T12:16:13.547Z | INFO   | API HIT : [POST] /api/expense/v1/user/dailyExp
2024-06-11T12:16:18.596Z | INFO   | API HIT : [POST] /api/group/v1/user
2024-06-11T12:16:20.319Z | INFO   | API HIT : [POST] /api/expense/v1/user
2024-06-11T12:16:20.363Z | INFO   | API HIT : [POST] /api/group/v1/user
2024-06-11T12:16:20.459Z | INFO   | API HIT : [POST] /api/expense/v1/user/monthlyExp
2024-06-11T12:16:20.460Z | INFO   | API HIT : [POST] /api/group/v1/user
2024-06-11T12:16:20.461Z | INFO   | API HIT : [POST] /api/expense/v1/user/recent
2024-06-11T12:16:20.462Z | INFO   | API HIT : [POST] /api/expense/v1/user/categoryExp
2024-06-11T12:16:20.506Z | INFO   | API HIT : [POST] /api/expense/v1/user/dailyExp
2024-06-11T12:16:22.375Z | INFO   | API HIT : [POST] /api/users/v1/view
2024-06-11T12:16:32.368Z | INFO   | API HIT : [POST] /api/expense/v1/user
2024-06-11T12:16:32.424Z | INFO   | API HIT : [POST] /api/group/v1/user
2024-06-11T12:16:32.522Z | INFO   | API HIT : [POST] /api/expense/v1/user/monthlyExp
2024-06-11T12:16:32.523Z | INFO   | API HIT : [POST] /api/group/v1/user
2024-06-11T12:16:32.524Z | INFO   | API HIT : [POST] /api/expense/v1/user/recent
2024-06-11T12:16:32.525Z | INFO   | API HIT : [POST] /api/expense/v1/user/categoryExp
2024-06-11T12:16:32.569Z | INFO   | API HIT : [POST] /api/expense/v1/user/dailyExp
2024-06-11T12:16:40.744Z | INFO   | API HIT : [POST] /api/users/v1/view
2024-06-11T12:16:43.317Z | INFO   | API HIT : [POST] /api/expense/v1/user
2024-06-11T12:16:43.361Z | INFO   | API HIT : [POST] /api/group/v1/user
2024-06-11T12:16:43.452Z | INFO   | API HIT : [POST] /api/expense/v1/user/monthlyExp
2024-06-11T12:16:43.454Z | INFO   | API HIT : [POST] /api/group/v1/user
2024-06-11T12:16:43.456Z | INFO   | API HIT : [POST] /api/expense/v1/user/recent
2024-06-11T12:16:43.457Z | INFO   | API HIT : [POST] /api/expense/v1/user/categoryExp
2024-06-11T12:16:43.492Z | INFO   | API HIT : [POST] /api/expense/v1/user/dailyExp
2024-06-11T12:20:30.837Z | INFO   | API HIT : [POST] /api/group/v1/user
2024-06-11T12:20:32.616Z | INFO   | API HIT : [GET] /api/users/v1/emailList
2024-06-11T12:20:46.831Z | INFO   | API HIT : [GET] /api/users/v1/emailList
2024-06-11T12:21:50.971Z | INFO   | API HIT : [GET] /api/users/v1/emailList
2024-06-11T12:21:53.324Z | INFO   | API HIT : [GET] /api/users/v1/emailList
2024-06-11T12:22:02.742Z | INFO   | API HIT : [POST] /api/expense/v1/user
2024-06-11T12:22:02.805Z | INFO   | API HIT : [POST] /api/group/v1/user
2024-06-11T12:22:02.906Z | INFO   | API HIT : [POST] /api/expense/v1/user/monthlyExp
2024-06-11T12:22:02.907Z | INFO   | API HIT : [POST] /api/group/v1/user
2024-06-11T12:22:02.908Z | INFO   | API HIT : [POST] /api/expense/v1/user/recent
2024-06-11T12:22:02.909Z | INFO   | API HIT : [POST] /api/expense/v1/user/categoryExp
2024-06-11T12:22:02.945Z | INFO   | API HIT : [POST] /api/expense/v1/user/dailyExp
2024-06-11T12:28:49.819Z | INFO   | API HIT : [POST] /api/group/v1/user
2024-06-11T12:28:51.040Z | INFO   | API HIT : [GET] /api/users/v1/emailList
2024-06-11T12:28:51.913Z | INFO   | API HIT : [POST] /api/group/v1/user
2024-06-11T12:28:53.577Z | INFO   | API HIT : [POST] /api/expense/v1/user
2024-06-11T12:28:53.654Z | INFO   | API HIT : [POST] /api/group/v1/user
2024-06-11T12:28:53.737Z | INFO   | API HIT : [POST] /api/expense/v1/user/monthlyExp
2024-06-11T12:28:53.738Z | INFO   | API HIT : [POST] /api/group/v1/user
2024-06-11T12:28:53.739Z | INFO   | API HIT : [POST] /api/expense/v1/user/recent
2024-06-11T12:28:53.740Z | INFO   | API HIT : [POST] /api/expense/v1/user/categoryExp
2024-06-11T12:28:53.775Z | INFO   | API HIT : [POST] /api/expense/v1/user/dailyExp
2024-06-12T03:46:09.188Z | INFO   | Server started in PORT | 3001
2024-06-12T03:46:16.828Z | INFO   | DB Connection Established
2024-06-12T03:46:41.256Z | INFO   | API HIT : [POST] /api/expense/v1/user
2024-06-12T03:46:41.320Z | INFO   | API HIT : [POST] /api/group/v1/user
2024-06-12T03:46:41.421Z | INFO   | API HIT : [POST] /api/expense/v1/user/monthlyExp
2024-06-12T03:46:41.429Z | INFO   | API HIT : [POST] /api/group/v1/user
2024-06-12T03:46:41.431Z | INFO   | API HIT : [POST] /api/expense/v1/user/recent
2024-06-12T03:46:41.435Z | INFO   | API HIT : [POST] /api/expense/v1/user/categoryExp
2024-06-12T03:46:41.478Z | INFO   | API HIT : [POST] /api/expense/v1/user/dailyExp
2024-06-13T10:53:01.177Z | INFO   | Server started in PORT | 3001
2024-06-13T10:53:04.050Z | INFO   | DB Connection Established
2024-06-13T10:54:54.245Z | INFO   | API HIT : [POST] /api/users/v1/register
2024-06-13T10:54:54.496Z | INFO   | API HIT : [POST] /api/users/v1/login
2024-06-13T10:54:54.859Z | INFO   | API HIT : [POST] /api/expense/v1/user
2024-06-13T10:54:54.905Z | ERROR  | URL : /api/expense/v1/user | staus : 400 | message: No expense present for the user
2024-06-13T10:54:54.911Z | INFO   | API HIT : [POST] /api/group/v1/user
2024-06-13T10:55:00.647Z | INFO   | API HIT : [POST] /api/group/v1/user
2024-06-13T10:55:02.021Z | INFO   | API HIT : [POST] /api/expense/v1/user
2024-06-13T10:55:02.069Z | ERROR  | URL : /api/expense/v1/user | staus : 400 | message: No expense present for the user
2024-06-13T10:55:02.077Z | INFO   | API HIT : [POST] /api/group/v1/user
2024-06-13T10:55:02.988Z | INFO   | API HIT : [POST] /api/group/v1/user
2024-06-13T10:55:04.812Z | INFO   | API HIT : [GET] /api/users/v1/emailList
2024-06-13T10:55:16.296Z | INFO   | API HIT : [POST] /api/group/v1/add
2024-06-13T10:55:16.576Z | INFO   | API HIT : [POST] /api/group/v1/view
2024-06-13T10:55:16.626Z | INFO   | API HIT : [POST] /api/expense/v1/group
2024-06-13T10:55:16.664Z | ERROR  | URL : /api/expense/v1/group | staus : 400 | message: No expense present for the group
2024-06-13T10:55:20.100Z | INFO   | API HIT : [POST] /api/group/v1/settlement
2024-06-13T10:55:21.728Z | INFO   | API HIT : [POST] /api/group/v1/view
2024-06-13T10:55:30.492Z | INFO   | API HIT : [POST] /api/expense/v1/add
2024-06-13T10:55:30.899Z | INFO   | API HIT : [POST] /api/group/v1/view
2024-06-13T10:55:30.944Z | INFO   | API HIT : [POST] /api/expense/v1/group
2024-06-13T10:55:31.009Z | INFO   | API HIT : [POST] /api/expense/v1/group/categoryExp
2024-06-13T10:55:31.012Z | INFO   | API HIT : [POST] /api/expense/v1/group/monthlyExp
2024-06-13T10:55:31.088Z | INFO   | API HIT : [POST] /api/expense/v1/group/dailyExp
2024-06-13T10:55:39.414Z | INFO   | API HIT : [POST] /api/group/v1/settlement
2024-06-24T16:37:39.250Z | INFO   | Server started in PORT | 3001
2024-06-24T16:37:41.840Z | INFO   | DB Connection Established
2024-06-24T16:38:16.741Z | INFO   | API HIT : [POST] /api/expense/v1/user
2024-06-24T16:38:16.804Z | INFO   | API HIT : [POST] /api/group/v1/user
2024-06-24T16:38:16.921Z | INFO   | API HIT : [POST] /api/expense/v1/user/monthlyExp
2024-06-24T16:38:16.924Z | INFO   | API HIT : [POST] /api/group/v1/user
2024-06-24T16:38:16.925Z | INFO   | API HIT : [POST] /api/expense/v1/user/recent
2024-06-24T16:38:16.927Z | INFO   | API HIT : [POST] /api/expense/v1/user/categoryExp
2024-06-24T16:38:16.968Z | INFO   | API HIT : [POST] /api/expense/v1/user/dailyExp
2024-06-24T16:38:27.275Z | INFO   | API HIT : [POST] /api/group/v1/user
2024-06-24T16:38:28.157Z | INFO   | API HIT : [GET] /api/users/v1/emailList
2024-06-24T16:38:29.073Z | INFO   | API HIT : [POST] /api/users/v1/view
2024-06-24T17:37:33.554Z | INFO   | API HIT : [POST] /api/users/v1/register
2024-06-24T17:37:33.834Z | INFO   | API HIT : [POST] /api/users/v1/login
2024-06-24T17:37:35.001Z | INFO   | API HIT : [POST] /api/expense/v1/user
2024-06-24T17:37:35.043Z | ERROR  | URL : /api/expense/v1/user | staus : 400 | message: No expense present for the user
2024-06-24T17:37:35.050Z | INFO   | API HIT : [POST] /api/group/v1/user
2024-06-24T17:37:48.889Z | INFO   | API HIT : [POST] /api/users/v1/login
2024-06-24T17:37:49.175Z | INFO   | API HIT : [POST] /api/expense/v1/user
2024-06-24T17:37:49.221Z | ERROR  | URL : /api/expense/v1/user | staus : 400 | message: No expense present for the user
2024-06-24T17:37:49.226Z | INFO   | API HIT : [POST] /api/group/v1/user
2024-06-24T17:38:01.644Z | INFO   | API HIT : [POST] /api/users/v1/login
2024-06-24T17:38:01.820Z | ERROR  | URL : /api/users/v1/login | staus : 401 | message: Invalid email Id or Password* ! Error: Invalid email Id or Password* !
    at exports.userLogin (/Users/shivamgarg/Desktop/SplitApp-main/components/user.js:74:23)
2024-06-27T16:29:09.498Z | INFO   | Server started in PORT | 3001
2024-06-27T16:29:13.918Z | INFO   | DB Connection Established
2024-06-27T16:30:06.084Z | INFO   | API HIT : [POST] /api/users/v1/register
2024-06-27T16:30:06.144Z | ERROR  | URL : /api/users/v1/register | staus : 400 | message: Email Id already present please login!
2024-06-27T16:30:12.126Z | INFO   | API HIT : [POST] /api/users/v1/register
2024-06-27T16:30:12.365Z | INFO   | API HIT : [POST] /api/users/v1/login
2024-06-27T16:30:12.685Z | INFO   | API HIT : [POST] /api/expense/v1/user
2024-06-27T16:30:12.740Z | ERROR  | URL : /api/expense/v1/user | staus : 400 | message: No expense present for the user
2024-06-27T16:30:12.747Z | INFO   | API HIT : [POST] /api/group/v1/user
2024-06-27T16:44:22.784Z | INFO   | API HIT : [POST] /api/users/v1/register
2024-06-27T16:44:23.289Z | INFO   | API HIT : [POST] /api/users/v1/login
2024-06-27T16:44:23.663Z | INFO   | API HIT : [POST] /api/expense/v1/user
2024-06-27T16:44:23.707Z | ERROR  | URL : /api/expense/v1/user | staus : 400 | message: No expense present for the user
2024-06-27T16:44:23.717Z | INFO   | API HIT : [POST] /api/group/v1/user
2024-06-27T17:00:47.936Z | INFO   | API HIT : [POST] /api/group/v1/user
2024-06-27T17:00:49.300Z | INFO   | API HIT : [GET] /api/users/v1/emailList
2024-06-27T17:00:50.637Z | INFO   | API HIT : [POST] /api/expense/v1/user
2024-06-27T17:00:50.686Z | ERROR  | URL : /api/expense/v1/user | staus : 400 | message: No expense present for the user
2024-06-27T17:00:50.692Z | INFO   | API HIT : [POST] /api/group/v1/user
2024-06-27T17:00:52.177Z | INFO   | API HIT : [POST] /api/group/v1/user
2024-06-27T17:00:53.204Z | INFO   | API HIT : [GET] /api/users/v1/emailList
2024-06-27T17:01:20.225Z | INFO   | API HIT : [POST] /api/group/v1/add
2024-06-27T17:01:20.939Z | INFO   | API HIT : [POST] /api/group/v1/view
2024-06-27T17:01:20.990Z | INFO   | API HIT : [POST] /api/expense/v1/group
2024-06-27T17:01:21.032Z | ERROR  | URL : /api/expense/v1/group | staus : 400 | message: No expense present for the group
2024-06-27T17:01:52.802Z | INFO   | API HIT : [POST] /api/expense/v1/user
2024-06-27T17:01:52.855Z | ERROR  | URL : /api/expense/v1/user | staus : 400 | message: No expense present for the user
2024-06-27T17:01:52.861Z | INFO   | API HIT : [POST] /api/group/v1/user
2024-06-27T17:01:52.968Z | INFO   | API HIT : [POST] /api/expense/v1/user/monthlyExp
2024-06-27T17:01:52.974Z | INFO   | API HIT : [POST] /api/group/v1/user
2024-06-27T17:01:52.984Z | INFO   | API HIT : [POST] /api/expense/v1/user/recent
2024-06-27T17:01:52.986Z | INFO   | API HIT : [POST] /api/expense/v1/user/categoryExp
2024-06-27T17:01:53.019Z | INFO   | API HIT : [POST] /api/expense/v1/user/dailyExp
2024-06-27T17:01:53.282Z | ERROR  | URL : /api/expense/v1/user/recent | staus : 400 | message: No expense present for the user
2024-07-02T17:50:51.367Z | INFO   | Server started in PORT | 3001
2024-07-02T17:50:53.616Z | INFO   | DB Connection Established
2024-07-02T18:10:20.704Z | INFO   | API HIT : [POST] /api/user/v1/register
2024-07-02T18:10:20.708Z | ERROR  | [Invalid Route] /api/user/v1/register
2024-07-02T18:10:36.545Z | INFO   | API HIT : [POST] /api/v1/user/register
2024-07-02T18:10:36.546Z | ERROR  | [Invalid Route] /api/v1/user/register
2024-07-02T18:11:07.746Z | INFO   | API HIT : [POST] /users/v1/register
2024-07-02T18:11:07.747Z | ERROR  | [Invalid Route] /users/v1/register
2024-07-02T18:12:06.350Z | INFO   | API HIT : [POST] /users/v1/register
2024-07-02T18:12:06.351Z | ERROR  | [Invalid Route] /users/v1/register
2024-07-02T18:12:12.168Z | INFO   | Server started in PORT | 3001
2024-07-02T18:12:16.085Z | INFO   | DB Connection Established
2024-07-02T18:12:17.335Z | INFO   | API HIT : [POST] /users/v1/register
2024-07-02T18:12:17.335Z | ERROR  | [Invalid Route] /users/v1/register
2024-07-02T18:14:15.895Z | INFO   | Server started in PORT | 3001
2024-07-02T18:14:16.945Z | INFO   | DB Connection Established
2024-07-02T18:14:45.962Z | INFO   | API HIT : [POST] /api/users/v1/register
2024-07-02T18:15:32.888Z | INFO   | API HIT : [POST] /api/users/v1/register
2024-07-02T18:18:55.855Z | INFO   | Server started in PORT | 3001
2024-07-02T18:18:57.428Z | INFO   | DB Connection Established
2024-07-02T18:19:01.131Z | INFO   | API HIT : [POST] /api/users/v1/register
2024-07-03T02:14:13.582Z | INFO   | Server started in PORT | 3001
2024-07-03T02:14:14.171Z | INFO   | DB Connection Established
2024-07-03T02:14:17.431Z | INFO   | API HIT : [POST] /api/users/v1/login
2024-07-03T02:16:14.764Z | INFO   | API HIT : [POST] /api/users//v1/view
2024-07-03T02:16:14.765Z | ERROR  | URL : /api/users//v1/view | API Authentication Fail | message: Token not present
2024-07-03T02:18:40.234Z | INFO   | API HIT : [POST] /api/users//v1/view
2024-07-03T02:18:40.235Z | ERROR  | URL : /api/users//v1/view | API Authentication Fail | message: Token not present
2024-07-03T02:20:09.745Z | INFO   | API HIT : [POST] /api/users//v1/view
2024-07-03T02:20:09.747Z | ERROR  | URL : /api/users//v1/view | API Authentication Fail | message: Invalid Token
2024-07-03T02:22:56.919Z | INFO   | API HIT : [POST] /api/users//v1/view
2024-07-03T02:22:56.925Z | ERROR  | URL : /api/users//v1/view | API Authentication Fail | message: Invalid Token
2024-07-03T02:27:45.573Z | INFO   | API HIT : [POST] /api/users//v1/view
2024-07-03T02:27:45.574Z | ERROR  | URL : /api/users//v1/view | API Authentication Fail | message: Invalid Token
2024-07-03T02:29:29.301Z | INFO   | API HIT : [POST] /api/users//v1/view
2024-07-03T02:29:29.302Z | ERROR  | URL : /api/users//v1/view | API Authentication Fail | message: Invalid Token
2024-07-03T02:29:57.170Z | INFO   | API HIT : [POST] /api/users//v1/view
2024-07-03T02:29:57.170Z | ERROR  | URL : /api/users//v1/view | API Authentication Fail | message: Invalid Token
2024-07-03T02:31:01.932Z | INFO   | API HIT : [POST] /api/users//v1/view
2024-07-03T02:31:01.933Z | ERROR  | URL : /api/users//v1/view | API Authentication Fail | message: Invalid Token
2024-07-03T02:31:10.774Z | INFO   | API HIT : [POST] /api/users//v1/view
2024-07-03T02:33:39.004Z | INFO   | API HIT : [POST] /users/v1/view
2024-07-03T02:33:39.004Z | ERROR  | [Invalid Route] /users/v1/view
2024-07-03T02:34:00.048Z | INFO   | API HIT : [POST] /api/users//v1/view
2024-07-03T02:34:00.048Z | ERROR  | URL : /api/users//v1/view | API Authentication Fail | message: Invalid Token
2024-07-03T02:34:21.940Z | INFO   | API HIT : [POST] /api/users//v1/view
2024-07-03T02:34:21.940Z | ERROR  | URL : /api/users//v1/view | API Authentication Fail | message: Invalid Token
2024-07-03T02:34:29.014Z | INFO   | API HIT : [POST] /api/users//v1/view
2024-07-03T02:34:29.015Z | ERROR  | URL : /api/users//v1/view | API Authentication Fail | message: Invalid Token
2024-07-03T02:34:39.928Z | INFO   | API HIT : [POST] /api/users//v1/view
2024-07-03T02:34:39.929Z | ERROR  | URL : /api/users//v1/view | API Authentication Fail | message: Invalid Token
2024-07-03T02:37:01.966Z | INFO   | API HIT : [POST] /api/users/v1/emailList
2024-07-03T02:37:01.966Z | ERROR  | [Invalid Route] /api/users/v1/emailList
2024-07-03T02:38:05.959Z | INFO   | API HIT : [POST] /api/users//v1/view
2024-07-03T02:38:58.115Z | INFO   | API HIT : [POST] /api/users/v1/emailList
2024-07-03T02:38:58.115Z | ERROR  | [Invalid Route] /api/users/v1/emailList
2024-07-03T02:40:12.812Z | INFO   | Server started in PORT | 3001
2024-07-03T02:40:13.434Z | INFO   | DB Connection Established
2024-07-03T02:40:16.917Z | INFO   | API HIT : [POST] /api/users/v1/emailList
2024-07-03T02:40:16.918Z | ERROR  | [Invalid Route] /api/users/v1/emailList
2024-07-03T02:40:43.035Z | INFO   | API HIT : [GET] /api/users/v1/emailList
2024-07-03T02:41:30.638Z | INFO   | API HIT : [POST] /api/users/v1/view
2024-07-03T02:43:34.273Z | INFO   | API HIT : [POST] /api/users/v1/edit
2024-07-03T02:43:34.274Z | ERROR  | URL : /api/users/v1/edit | staus : 403 | message: Access Denied
2024-07-03T02:47:59.845Z | INFO   | API HIT : [POST] /api/users/v1/login
2024-07-03T02:48:32.344Z | INFO   | API HIT : [POST] /api/users/v1/edit
2024-07-03T02:48:32.346Z | ERROR  | URL : /api/users/v1/edit | staus : 403 | message: Access Denied
2024-07-03T02:54:55.736Z | INFO   | API HIT : [POST] /api/expense/v1/user
2024-07-03T02:54:55.786Z | ERROR  | URL : /api/expense/v1/user | staus : 400 | message: No expense present for the user
2024-07-03T02:54:55.798Z | INFO   | API HIT : [POST] /api/group/v1/user
2024-07-03T03:33:46.851Z | INFO   | API HIT : [POST] /api/users/v1/login
2024-07-03T03:33:48.118Z | INFO   | API HIT : [POST] /api/expense/v1/user
2024-07-03T03:33:48.171Z | ERROR  | URL : /api/expense/v1/user | staus : 400 | message: No expense present for the user
2024-07-03T03:33:48.179Z | INFO   | API HIT : [POST] /api/group/v1/user
2024-07-03T10:04:50.012Z | INFO   | Server started in PORT | 3001
2024-07-03T10:04:50.605Z | INFO   | DB Connection Established
2024-07-03T10:05:03.286Z | INFO   | API HIT : [POST] /api/expense/v1/user
2024-07-03T10:05:03.338Z | ERROR  | URL : /api/expense/v1/user | staus : 400 | message: No expense present for the user
2024-07-03T10:05:03.345Z | INFO   | API HIT : [POST] /api/group/v1/user
2024-07-03T11:00:13.426Z | INFO   | API HIT : [POST] /api/users/v1/login
2024-07-03T11:00:14.157Z | INFO   | API HIT : [POST] /api/expense/v1/user
2024-07-03T11:00:14.204Z | ERROR  | URL : /api/expense/v1/user | staus : 400 | message: No expense present for the user
2024-07-03T11:00:14.211Z | INFO   | API HIT : [POST] /api/group/v1/user
2024-07-03T11:22:41.448Z | INFO   | API HIT : [POST] /api/users/v1/login
2024-07-03T11:22:41.621Z | ERROR  | URL : /api/users/v1/login | staus : 401 | message: Invalid email Id or Password* ! Error: Invalid email Id or Password* !
    at exports.userLogin (/Users/shivamgarg/Desktop/SplitWise-Clone/components/user.js:93:23)
2024-07-03T11:56:01.557Z | INFO   | API HIT : [POST] /api/users/v1/login
2024-07-03T11:56:02.393Z | INFO   | API HIT : [POST] /api/expense/v1/user
2024-07-03T11:56:02.444Z | ERROR  | URL : /api/expense/v1/user | staus : 400 | message: No expense present for the user
2024-07-03T11:56:02.450Z | INFO   | API HIT : [POST] /api/group/v1/user
2024-07-03T11:56:14.856Z | INFO   | API HIT : [POST] /api/users/v1/view
2024-07-03T11:56:19.616Z | INFO   | API HIT : [POST] /api/expense/v1/user
2024-07-03T11:56:19.662Z | ERROR  | URL : /api/expense/v1/user | staus : 400 | message: No expense present for the user
2024-07-03T11:56:19.669Z | INFO   | API HIT : [POST] /api/group/v1/user
2024-07-03T11:56:22.740Z | INFO   | API HIT : [POST] /api/users/v1/view
2024-07-03T11:56:36.615Z | INFO   | API HIT : [POST] /api/expense/v1/user
2024-07-03T11:56:36.660Z | ERROR  | URL : /api/expense/v1/user | staus : 400 | message: No expense present for the user
2024-07-03T11:56:36.668Z | INFO   | API HIT : [POST] /api/group/v1/user
2024-07-03T12:07:44.787Z | INFO   | API HIT : [POST] /api/users/v1/view
2024-07-03T12:07:45.890Z | INFO   | API HIT : [POST] /api/expense/v1/user
2024-07-03T12:07:45.940Z | ERROR  | URL : /api/expense/v1/user | staus : 400 | message: No expense present for the user
2024-07-03T12:07:45.946Z | INFO   | API HIT : [POST] /api/group/v1/user
2024-07-03T12:49:36.315Z | INFO   | API HIT : [POST] /api/group/v1/user
2024-07-03T12:49:37.957Z | INFO   | API HIT : [POST] /api/expense/v1/user
2024-07-03T12:49:38.001Z | ERROR  | URL : /api/expense/v1/user | staus : 400 | message: No expense present for the user
2024-07-03T12:49:38.007Z | INFO   | API HIT : [POST] /api/group/v1/user
2024-07-03T13:05:36.088Z | INFO   | API HIT : [POST] /api/group/v1/user
2024-07-03T13:05:37.461Z | INFO   | API HIT : [POST] /api/expense/v1/user
2024-07-03T13:05:37.497Z | ERROR  | URL : /api/expense/v1/user | staus : 400 | message: No expense present for the user
2024-07-03T13:05:37.502Z | INFO   | API HIT : [POST] /api/group/v1/user
2024-07-03T13:14:11.926Z | INFO   | API HIT : [POST] /api/expense/v1/user
2024-07-03T13:14:11.977Z | ERROR  | URL : /api/expense/v1/user | staus : 400 | message: No expense present for the user
2024-07-03T13:14:11.982Z | INFO   | API HIT : [POST] /api/group/v1/user
2024-07-03T13:14:26.164Z | INFO   | API HIT : [POST] /api/expense/v1/user
2024-07-03T13:14:26.211Z | ERROR  | URL : /api/expense/v1/user | staus : 400 | message: No expense present for the user
2024-07-03T13:14:26.216Z | INFO   | API HIT : [POST] /api/group/v1/user
2024-07-03T13:14:36.009Z | INFO   | API HIT : [POST] /api/expense/v1/user
2024-07-03T13:14:36.049Z | ERROR  | URL : /api/expense/v1/user | staus : 400 | message: No expense present for the user
2024-07-03T13:14:36.054Z | INFO   | API HIT : [POST] /api/group/v1/user
2024-07-03T13:15:05.913Z | INFO   | API HIT : [POST] /api/expense/v1/user
2024-07-03T13:15:05.951Z | ERROR  | URL : /api/expense/v1/user | staus : 400 | message: No expense present for the user
2024-07-03T13:15:05.955Z | INFO   | API HIT : [POST] /api/group/v1/user
2024-07-03T13:21:35.484Z | INFO   | API HIT : [POST] /api/expense/v1/user
2024-07-03T13:21:35.530Z | ERROR  | URL : /api/expense/v1/user | staus : 400 | message: No expense present for the user
2024-07-03T13:21:35.539Z | INFO   | API HIT : [POST] /api/group/v1/user
2024-07-03T13:21:35.842Z | INFO   | API HIT : [POST] /api/expense/v1/user
2024-07-03T13:21:35.885Z | ERROR  | URL : /api/expense/v1/user | staus : 400 | message: No expense present for the user
2024-07-03T13:21:35.893Z | INFO   | API HIT : [POST] /api/group/v1/user
2024-07-03T13:25:09.138Z | INFO   | API HIT : [POST] /api/expense/v1/user
2024-07-03T13:25:09.362Z | ERROR  | URL : /api/expense/v1/user | staus : 400 | message: No expense present for the user
2024-07-03T13:25:09.368Z | INFO   | API HIT : [POST] /api/group/v1/user
2024-07-03T13:25:59.973Z | INFO   | API HIT : [POST] /api/group/v1/user
2024-07-03T13:26:07.434Z | INFO   | API HIT : [POST] /api/expense/v1/user
2024-07-03T13:26:07.483Z | ERROR  | URL : /api/expense/v1/user | staus : 400 | message: No expense present for the user
2024-07-03T13:26:07.490Z | INFO   | API HIT : [POST] /api/group/v1/user
2024-07-03T13:27:42.041Z | INFO   | API HIT : [POST] /api/users/v1/view
2024-07-03T13:28:03.050Z | INFO   | API HIT : [POST] /api/expense/v1/user
2024-07-03T13:28:03.099Z | ERROR  | URL : /api/expense/v1/user | staus : 400 | message: No expense present for the user
2024-07-03T13:28:03.106Z | INFO   | API HIT : [POST] /api/group/v1/user
2024-07-03T13:28:12.716Z | INFO   | API HIT : [POST] /api/group/v1/user
2024-07-03T13:28:14.179Z | INFO   | API HIT : [POST] /api/expense/v1/user
2024-07-03T13:28:14.232Z | ERROR  | URL : /api/expense/v1/user | staus : 400 | message: No expense present for the user
2024-07-03T13:28:14.268Z | INFO   | API HIT : [POST] /api/group/v1/user
2024-07-03T13:28:14.893Z | INFO   | API HIT : [POST] /api/group/v1/user
2024-07-03T13:29:48.788Z | INFO   | API HIT : [POST] /api/expense/v1/user
2024-07-03T13:29:48.827Z | ERROR  | URL : /api/expense/v1/user | staus : 400 | message: No expense present for the user
2024-07-03T13:29:48.860Z | INFO   | API HIT : [POST] /api/group/v1/user
2024-07-03T13:29:53.205Z | INFO   | API HIT : [POST] /api/group/v1/user
2024-07-03T13:30:46.478Z | INFO   | API HIT : [GET] /api/users/v1/emailList
2024-07-03T13:33:35.255Z | INFO   | API HIT : [POST] /api/group/v1/user
2024-07-03T13:33:45.574Z | INFO   | API HIT : [POST] /api/group/v1/user
2024-07-03T13:34:37.035Z | INFO   | API HIT : [GET] /api/users/v1/emailList
2024-07-03T13:34:38.957Z | INFO   | API HIT : [POST] /api/group/v1/user
2024-07-03T13:35:16.225Z | INFO   | API HIT : [POST] /api/expense/v1/user
2024-07-03T13:35:16.271Z | ERROR  | URL : /api/expense/v1/user | staus : 400 | message: No expense present for the user
2024-07-03T13:35:16.306Z | INFO   | API HIT : [POST] /api/group/v1/user
2024-07-03T13:35:18.205Z | INFO   | API HIT : [POST] /api/group/v1/user
2024-07-03T13:35:43.815Z | INFO   | API HIT : [POST] /api/expense/v1/user
2024-07-03T13:35:43.862Z | ERROR  | URL : /api/expense/v1/user | staus : 400 | message: No expense present for the user
2024-07-03T13:35:43.895Z | INFO   | API HIT : [POST] /api/group/v1/user
2024-07-03T13:35:56.849Z | INFO   | API HIT : [POST] /api/group/v1/user
2024-07-03T13:35:58.570Z | INFO   | API HIT : [GET] /api/users/v1/emailList
2024-07-03T13:36:27.595Z | INFO   | API HIT : [POST] /api/group/v1/user
2024-07-03T13:36:29.023Z | INFO   | API HIT : [GET] /api/users/v1/emailList
2024-07-03T13:38:17.941Z | INFO   | API HIT : [GET] /api/users/v1/emailList
2024-07-03T13:39:04.586Z | INFO   | API HIT : [POST] /api/group/v1/add
2024-07-03T13:39:05.907Z | INFO   | API HIT : [POST] /api/group/v1/view
2024-07-03T13:39:05.952Z | INFO   | API HIT : [POST] /api/expense/v1/group
2024-07-03T13:39:05.988Z | ERROR  | URL : /api/expense/v1/group | staus : 400 | message: No expense present for the group
2024-07-03T13:40:06.199Z | INFO   | API HIT : [POST] /api/expense/v1/user
2024-07-03T13:40:06.239Z | ERROR  | URL : /api/expense/v1/user | staus : 400 | message: No expense present for the user
2024-07-03T13:40:06.247Z | INFO   | API HIT : [POST] /api/group/v1/user
2024-07-03T13:40:06.347Z | INFO   | API HIT : [POST] /api/expense/v1/user/monthlyExp
2024-07-03T13:40:06.353Z | INFO   | API HIT : [POST] /api/group/v1/user
2024-07-03T13:40:06.364Z | INFO   | API HIT : [POST] /api/expense/v1/user/recent
2024-07-03T13:40:06.366Z | INFO   | API HIT : [POST] /api/expense/v1/user/categoryExp
2024-07-03T13:40:06.392Z | INFO   | API HIT : [POST] /api/expense/v1/user/dailyExp
2024-07-03T13:40:06.644Z | ERROR  | URL : /api/expense/v1/user/recent | staus : 400 | message: No expense present for the user
2024-07-04T12:56:42.037Z | INFO   | API HIT : [POST] /api/users/v1/login
2024-07-04T12:56:42.726Z | INFO   | API HIT : [POST] /api/expense/v1/user
2024-07-04T12:56:42.773Z | ERROR  | URL : /api/expense/v1/user | staus : 400 | message: No expense present for the user
2024-07-04T12:56:42.783Z | INFO   | API HIT : [POST] /api/group/v1/user
2024-07-04T12:56:42.901Z | INFO   | API HIT : [POST] /api/expense/v1/user/monthlyExp
2024-07-04T12:56:42.903Z | INFO   | API HIT : [POST] /api/group/v1/user
2024-07-04T12:56:42.905Z | INFO   | API HIT : [POST] /api/expense/v1/user/recent
2024-07-04T12:56:42.907Z | INFO   | API HIT : [POST] /api/expense/v1/user/categoryExp
2024-07-04T12:56:42.952Z | INFO   | API HIT : [POST] /api/expense/v1/user/dailyExp
2024-07-04T12:56:43.188Z | ERROR  | URL : /api/expense/v1/user/recent | staus : 400 | message: No expense present for the user
2024-07-04T12:57:26.337Z | INFO   | API HIT : [POST] /api/group/v1/user
2024-07-04T12:57:31.636Z | INFO   | API HIT : [POST] /api/group/v1/view
2024-07-04T12:57:31.699Z | INFO   | API HIT : [POST] /api/expense/v1/group
2024-07-04T12:57:31.740Z | ERROR  | URL : /api/expense/v1/group | staus : 400 | message: No expense present for the group
2024-07-04T12:57:38.870Z | INFO   | API HIT : [POST] /api/group/v1/settlement
2024-07-04T12:57:43.661Z | INFO   | API HIT : [POST] /api/group/v1/settlement
2024-07-04T12:57:53.270Z | INFO   | API HIT : [GET] /api/users/v1/emailList
2024-07-04T12:57:53.328Z | INFO   | API HIT : [POST] /api/group/v1/view
2024-07-04T12:57:56.928Z | INFO   | API HIT : [POST] /api/group/v1/view
2024-07-04T12:57:56.985Z | INFO   | API HIT : [POST] /api/expense/v1/group
2024-07-04T12:57:57.027Z | ERROR  | URL : /api/expense/v1/group | staus : 400 | message: No expense present for the group
2024-07-04T12:58:29.827Z | INFO   | API HIT : [POST] /api/expense/v1/user
2024-07-04T12:58:29.882Z | ERROR  | URL : /api/expense/v1/user | staus : 400 | message: No expense present for the user
2024-07-04T12:58:29.888Z | INFO   | API HIT : [POST] /api/group/v1/user
2024-07-04T12:58:30.001Z | INFO   | API HIT : [POST] /api/expense/v1/user/monthlyExp
2024-07-04T12:58:30.002Z | INFO   | API HIT : [POST] /api/group/v1/user
2024-07-04T12:58:30.003Z | INFO   | API HIT : [POST] /api/expense/v1/user/recent
2024-07-04T12:58:30.004Z | INFO   | API HIT : [POST] /api/expense/v1/user/categoryExp
2024-07-04T12:58:30.046Z | ERROR  | URL : /api/expense/v1/user/recent | staus : 400 | message: No expense present for the user
2024-07-04T12:58:30.049Z | INFO   | API HIT : [POST] /api/expense/v1/user/dailyExp
2024-07-04T12:58:35.056Z | INFO   | API HIT : [POST] /api/group/v1/user
2024-07-04T13:23:30.322Z | INFO   | API HIT : [POST] /api/group/v1/view
2024-07-04T13:23:30.656Z | INFO   | API HIT : [POST] /api/expense/v1/group
2024-07-04T13:23:30.700Z | ERROR  | URL : /api/expense/v1/group | staus : 400 | message: No expense present for the group
2024-07-04T13:23:31.307Z | INFO   | API HIT : [POST] /api/group/v1/user
2024-07-04T13:23:32.494Z | INFO   | API HIT : [POST] /api/group/v1/view
2024-07-04T13:23:32.542Z | INFO   | API HIT : [POST] /api/expense/v1/group
2024-07-04T13:23:32.584Z | ERROR  | URL : /api/expense/v1/group | staus : 400 | message: No expense present for the group
2024-07-04T13:23:33.343Z | INFO   | API HIT : [POST] /api/group/v1/user
2024-07-04T13:23:34.088Z | INFO   | API HIT : [POST] /api/group/v1/view
2024-07-04T13:23:34.139Z | INFO   | API HIT : [POST] /api/expense/v1/group
2024-07-04T13:23:34.179Z | ERROR  | URL : /api/expense/v1/group | staus : 400 | message: No expense present for the group
2024-07-04T13:23:51.301Z | INFO   | API HIT : [POST] /api/group/v1/settlement
2024-07-04T13:23:52.637Z | INFO   | API HIT : [POST] /api/group/v1/settlement
2024-07-04T13:38:30.795Z | INFO   | API HIT : [POST] /api/expense/v1/user
2024-07-04T13:38:30.845Z | ERROR  | URL : /api/expense/v1/user | staus : 400 | message: No expense present for the user
2024-07-04T13:38:30.851Z | INFO   | API HIT : [POST] /api/group/v1/user
2024-07-04T13:38:30.960Z | INFO   | API HIT : [POST] /api/expense/v1/user/monthlyExp
2024-07-04T13:38:30.962Z | INFO   | API HIT : [POST] /api/group/v1/user
2024-07-04T13:38:30.973Z | INFO   | API HIT : [POST] /api/expense/v1/user/recent
2024-07-04T13:38:30.975Z | INFO   | API HIT : [POST] /api/expense/v1/user/categoryExp
2024-07-04T13:38:31.021Z | INFO   | API HIT : [POST] /api/expense/v1/user/dailyExp
2024-07-04T13:38:31.287Z | ERROR  | URL : /api/expense/v1/user/recent | staus : 400 | message: No expense present for the user
2024-07-04T13:38:39.619Z | INFO   | API HIT : [POST] /api/group/v1/user
2024-07-04T13:38:49.359Z | INFO   | API HIT : [POST] /api/group/v1/view
2024-07-04T13:38:49.407Z | INFO   | API HIT : [POST] /api/expense/v1/group
2024-07-04T13:38:49.446Z | ERROR  | URL : /api/expense/v1/group | staus : 400 | message: No expense present for the group
2024-07-04T13:38:57.117Z | INFO   | API HIT : [POST] /api/group/v1/view
2024-07-04T13:39:20.356Z | INFO   | API HIT : [POST] /api/expense/v1/add
2024-07-04T13:39:21.139Z | INFO   | API HIT : [POST] /api/group/v1/view
2024-07-04T13:39:21.185Z | INFO   | API HIT : [POST] /api/expense/v1/group
2024-07-04T13:39:21.250Z | INFO   | API HIT : [POST] /api/expense/v1/group/categoryExp
2024-07-04T13:39:21.252Z | INFO   | API HIT : [POST] /api/expense/v1/group/monthlyExp
2024-07-04T13:39:21.304Z | INFO   | API HIT : [POST] /api/expense/v1/group/dailyExp
2024-07-04T13:39:28.429Z | INFO   | API HIT : [POST] /api/group/v1/settlement
2024-07-04T13:39:28.504Z | INFO   | API HIT : [POST] /api/group/v1/view
2024-07-04T13:39:35.780Z | INFO   | API HIT : [POST] /api/expense/v1/group/categoryExp
2024-07-04T13:39:35.781Z | INFO   | API HIT : [POST] /api/expense/v1/group/monthlyExp
2024-07-04T13:39:35.835Z | INFO   | API HIT : [POST] /api/expense/v1/group/dailyExp
2024-07-04T13:40:18.790Z | INFO   | API HIT : [POST] /api/expense/v1/user
2024-07-04T13:40:18.837Z | INFO   | API HIT : [POST] /api/group/v1/user
2024-07-04T13:40:18.951Z | INFO   | API HIT : [POST] /api/expense/v1/user/monthlyExp
2024-07-04T13:40:18.952Z | INFO   | API HIT : [POST] /api/group/v1/user
2024-07-04T13:40:18.953Z | INFO   | API HIT : [POST] /api/expense/v1/user/recent
2024-07-04T13:40:18.953Z | INFO   | API HIT : [POST] /api/expense/v1/user/categoryExp
2024-07-04T13:40:19.008Z | INFO   | API HIT : [POST] /api/expense/v1/user/dailyExp
2024-07-04T13:40:21.660Z | INFO   | API HIT : [POST] /api/group/v1/user
2024-07-04T13:40:22.741Z | INFO   | API HIT : [POST] /api/expense/v1/user
2024-07-04T13:40:22.797Z | INFO   | API HIT : [POST] /api/group/v1/user
2024-07-04T13:40:22.893Z | INFO   | API HIT : [POST] /api/expense/v1/user/monthlyExp
2024-07-04T13:40:22.894Z | INFO   | API HIT : [POST] /api/group/v1/user
2024-07-04T13:40:22.895Z | INFO   | API HIT : [POST] /api/expense/v1/user/recent
2024-07-04T13:40:22.897Z | INFO   | API HIT : [POST] /api/expense/v1/user/categoryExp
2024-07-04T13:40:22.938Z | INFO   | API HIT : [POST] /api/expense/v1/user/dailyExp
2024-07-04T13:44:26.744Z | INFO   | API HIT : [POST] /api/group/v1/user
2024-07-04T13:44:31.025Z | INFO   | API HIT : [POST] /api/group/v1/view
2024-07-04T13:44:31.088Z | INFO   | API HIT : [POST] /api/expense/v1/group
2024-07-04T13:44:31.147Z | INFO   | API HIT : [POST] /api/expense/v1/group/categoryExp
2024-07-04T13:44:31.149Z | INFO   | API HIT : [POST] /api/expense/v1/group/monthlyExp
2024-07-04T13:44:31.194Z | INFO   | API HIT : [POST] /api/expense/v1/group/dailyExp
2024-07-04T13:44:34.258Z | INFO   | API HIT : [POST] /api/group/v1/view
2024-07-04T13:45:11.473Z | INFO   | API HIT : [POST] /api/expense/v1/add
2024-07-04T13:45:12.347Z | INFO   | API HIT : [POST] /api/group/v1/view
2024-07-04T13:45:12.396Z | INFO   | API HIT : [POST] /api/expense/v1/group
2024-07-04T13:45:12.470Z | INFO   | API HIT : [POST] /api/expense/v1/group/categoryExp
2024-07-04T13:45:12.472Z | INFO   | API HIT : [POST] /api/expense/v1/group/monthlyExp
2024-07-04T13:45:12.518Z | INFO   | API HIT : [POST] /api/expense/v1/group/dailyExp
2024-07-04T13:49:01.646Z | INFO   | API HIT : [POST] /api/group/v1/view
2024-07-04T13:49:01.708Z | INFO   | API HIT : [POST] /api/expense/v1/group
2024-07-04T13:49:01.780Z | INFO   | API HIT : [POST] /api/expense/v1/group/categoryExp
2024-07-04T13:49:01.781Z | INFO   | API HIT : [POST] /api/expense/v1/group/monthlyExp
2024-07-04T13:49:01.828Z | INFO   | API HIT : [POST] /api/expense/v1/group/dailyExp
2024-07-04T13:49:21.180Z | INFO   | API HIT : [POST] /api/expense/v1/user
2024-07-04T13:49:21.241Z | INFO   | API HIT : [POST] /api/group/v1/user
2024-07-04T13:49:21.364Z | INFO   | API HIT : [POST] /api/expense/v1/user/monthlyExp
2024-07-04T13:49:21.366Z | INFO   | API HIT : [POST] /api/group/v1/user
2024-07-04T13:49:21.367Z | INFO   | API HIT : [POST] /api/expense/v1/user/recent
2024-07-04T13:49:21.368Z | INFO   | API HIT : [POST] /api/expense/v1/user/categoryExp
2024-07-04T13:49:21.433Z | INFO   | API HIT : [POST] /api/expense/v1/user/dailyExp
2024-07-04T13:49:26.093Z | INFO   | API HIT : [POST] /api/group/v1/user
2024-07-04T13:51:15.090Z | INFO   | API HIT : [POST] /api/expense/v1/user
2024-07-04T13:51:15.157Z | INFO   | API HIT : [POST] /api/group/v1/user
2024-07-04T13:51:15.278Z | INFO   | API HIT : [POST] /api/expense/v1/user/monthlyExp
2024-07-04T13:51:15.280Z | INFO   | API HIT : [POST] /api/group/v1/user
2024-07-04T13:51:15.280Z | INFO   | API HIT : [POST] /api/expense/v1/user/recent
2024-07-04T13:51:15.281Z | INFO   | API HIT : [POST] /api/expense/v1/user/categoryExp
2024-07-04T13:51:15.356Z | INFO   | API HIT : [POST] /api/expense/v1/user/dailyExp
2024-07-04T13:51:18.892Z | INFO   | API HIT : [POST] /api/group/v1/user
2024-07-04T13:51:22.823Z | INFO   | API HIT : [GET] /api/users/v1/emailList
2024-07-04T13:51:23.835Z | INFO   | API HIT : [POST] /api/group/v1/user
2024-07-04T13:51:42.869Z | INFO   | API HIT : [GET] /api/users/v1/emailList
2024-07-04T13:51:43.785Z | INFO   | API HIT : [POST] /api/group/v1/user
2024-07-04T13:51:46.176Z | INFO   | API HIT : [POST] /api/expense/v1/user
2024-07-04T13:51:46.244Z | INFO   | API HIT : [POST] /api/group/v1/user
2024-07-04T13:51:46.357Z | INFO   | API HIT : [POST] /api/expense/v1/user/monthlyExp
2024-07-04T13:51:46.360Z | INFO   | API HIT : [POST] /api/group/v1/user
2024-07-04T13:51:46.362Z | INFO   | API HIT : [POST] /api/expense/v1/user/recent
2024-07-04T13:51:46.363Z | INFO   | API HIT : [POST] /api/expense/v1/user/categoryExp
2024-07-04T13:51:46.424Z | INFO   | API HIT : [POST] /api/expense/v1/user/dailyExp
2024-07-04T13:51:50.600Z | INFO   | API HIT : [POST] /api/group/v1/user
2024-07-04T13:52:27.136Z | INFO   | API HIT : [GET] /api/users/v1/emailList
2024-07-04T13:52:28.145Z | INFO   | API HIT : [POST] /api/expense/v1/user
2024-07-04T13:52:28.205Z | INFO   | API HIT : [POST] /api/group/v1/user
2024-07-04T13:52:28.315Z | INFO   | API HIT : [POST] /api/expense/v1/user/monthlyExp
2024-07-04T13:52:28.317Z | INFO   | API HIT : [POST] /api/group/v1/user
2024-07-04T13:52:28.318Z | INFO   | API HIT : [POST] /api/expense/v1/user/recent
2024-07-04T13:52:28.321Z | INFO   | API HIT : [POST] /api/expense/v1/user/categoryExp
2024-07-04T13:52:28.389Z | INFO   | API HIT : [POST] /api/expense/v1/user/dailyExp
2024-07-04T13:53:20.506Z | INFO   | API HIT : [POST] /api/group/v1/user
2024-07-04T13:53:28.540Z | INFO   | API HIT : [GET] /api/users/v1/emailList
2024-07-04T13:53:29.259Z | INFO   | API HIT : [POST] /api/group/v1/user
2024-07-04T13:53:30.145Z | INFO   | API HIT : [POST] /api/group/v1/view
2024-07-04T13:53:30.201Z | INFO   | API HIT : [POST] /api/expense/v1/group
2024-07-04T13:53:30.260Z | INFO   | API HIT : [POST] /api/expense/v1/group/categoryExp
2024-07-04T13:53:30.261Z | INFO   | API HIT : [POST] /api/expense/v1/group/monthlyExp
2024-07-04T13:53:30.307Z | INFO   | API HIT : [POST] /api/expense/v1/group/dailyExp
2024-07-04T14:21:06.472Z | INFO   | API HIT : [POST] /api/expense/v1/view
2024-07-04T14:21:11.644Z | INFO   | API HIT : [POST] /api/group/v1/view
2024-07-04T14:21:11.701Z | INFO   | API HIT : [POST] /api/expense/v1/group
2024-07-04T14:21:11.763Z | INFO   | API HIT : [POST] /api/expense/v1/group/categoryExp
2024-07-04T14:21:11.766Z | INFO   | API HIT : [POST] /api/expense/v1/group/monthlyExp
2024-07-04T14:21:11.826Z | INFO   | API HIT : [POST] /api/expense/v1/group/dailyExp
2024-07-04T14:21:15.084Z | INFO   | API HIT : [POST] /api/expense/v1/view
2024-07-04T14:21:16.313Z | INFO   | API HIT : [POST] /api/group/v1/view
2024-07-04T14:21:16.367Z | INFO   | API HIT : [POST] /api/expense/v1/group
2024-07-04T14:21:16.424Z | INFO   | API HIT : [POST] /api/expense/v1/group/categoryExp
2024-07-04T14:21:16.426Z | INFO   | API HIT : [POST] /api/expense/v1/group/monthlyExp
2024-07-04T14:21:16.483Z | INFO   | API HIT : [POST] /api/expense/v1/group/dailyExp
2024-07-04T14:24:42.110Z | INFO   | API HIT : [GET] /api/users/v1/emailList
2024-07-04T14:24:42.794Z | INFO   | API HIT : [POST] /api/group/v1/user
2024-07-04T14:24:44.112Z | INFO   | API HIT : [POST] /api/expense/v1/user
2024-07-04T14:24:44.163Z | INFO   | API HIT : [POST] /api/group/v1/user
2024-07-04T14:24:44.280Z | INFO   | API HIT : [POST] /api/expense/v1/user/monthlyExp
2024-07-04T14:24:44.281Z | INFO   | API HIT : [POST] /api/group/v1/user
2024-07-04T14:24:44.282Z | INFO   | API HIT : [POST] /api/expense/v1/user/recent
2024-07-04T14:24:44.285Z | INFO   | API HIT : [POST] /api/expense/v1/user/categoryExp
2024-07-04T14:24:44.329Z | INFO   | API HIT : [POST] /api/expense/v1/user/dailyExp
2024-07-04T14:24:44.858Z | INFO   | API HIT : [POST] /api/group/v1/user
2024-07-04T14:24:46.180Z | INFO   | API HIT : [POST] /api/group/v1/view
2024-07-04T14:24:46.239Z | INFO   | API HIT : [POST] /api/expense/v1/group
2024-07-04T14:24:46.302Z | INFO   | API HIT : [POST] /api/expense/v1/group/categoryExp
2024-07-04T14:24:46.303Z | INFO   | API HIT : [POST] /api/expense/v1/group/monthlyExp
2024-07-04T14:24:46.360Z | INFO   | API HIT : [POST] /api/expense/v1/group/dailyExp
2024-07-04T14:25:07.477Z | INFO   | API HIT : [POST] /api/group/v1/settlement
2024-07-04T14:25:07.555Z | INFO   | API HIT : [POST] /api/group/v1/view
2024-07-04T14:25:14.165Z | INFO   | API HIT : [POST] /api/group/v1/settlement
2024-07-04T14:25:14.237Z | INFO   | API HIT : [POST] /api/group/v1/view
2024-07-04T14:25:15.600Z | INFO   | API HIT : [POST] /api/expense/v1/group/categoryExp
2024-07-04T14:25:15.601Z | INFO   | API HIT : [POST] /api/expense/v1/group/monthlyExp
2024-07-04T14:25:15.656Z | INFO   | API HIT : [POST] /api/expense/v1/group/dailyExp
2024-07-04T14:25:27.348Z | INFO   | API HIT : [GET] /api/users/v1/emailList
2024-07-04T14:25:27.397Z | INFO   | API HIT : [POST] /api/group/v1/view
2024-07-04T14:25:28.458Z | INFO   | API HIT : [POST] /api/group/v1/view
2024-07-04T14:25:28.516Z | INFO   | API HIT : [POST] /api/expense/v1/group
2024-07-04T14:25:28.579Z | INFO   | API HIT : [POST] /api/expense/v1/group/categoryExp
2024-07-04T14:25:28.580Z | INFO   | API HIT : [POST] /api/expense/v1/group/monthlyExp
2024-07-04T14:25:28.625Z | INFO   | API HIT : [POST] /api/expense/v1/group/dailyExp
2024-07-04T14:27:32.457Z | INFO   | API HIT : [POST] /api/group/v1/settlement
2024-07-04T14:27:32.543Z | INFO   | API HIT : [POST] /api/group/v1/view
2024-07-04T14:27:33.251Z | INFO   | API HIT : [POST] /api/expense/v1/group/categoryExp
2024-07-04T14:27:33.252Z | INFO   | API HIT : [POST] /api/expense/v1/group/monthlyExp
2024-07-04T14:27:33.308Z | INFO   | API HIT : [POST] /api/expense/v1/group/dailyExp
2024-07-04T14:28:12.861Z | INFO   | API HIT : [POST] /api/group/v1/view
2024-07-04T14:28:12.924Z | INFO   | API HIT : [POST] /api/expense/v1/group
2024-07-04T14:28:12.990Z | INFO   | API HIT : [POST] /api/expense/v1/group/monthlyExp
2024-07-04T14:28:13.041Z | INFO   | API HIT : [POST] /api/expense/v1/group/dailyExp
2024-07-04T14:28:22.871Z | INFO   | API HIT : [POST] /api/group/v1/view
2024-07-04T14:28:22.930Z | INFO   | API HIT : [POST] /api/expense/v1/group
2024-07-04T14:28:25.445Z | INFO   | API HIT : [POST] /api/group/v1/settlement
2024-07-04T14:28:25.525Z | INFO   | API HIT : [POST] /api/group/v1/view
2024-07-04T14:28:51.531Z | INFO   | API HIT : [POST] /api/group/v1/view
2024-07-04T14:28:51.534Z | INFO   | API HIT : [POST] /api/group/v1/settlement
2024-07-04T14:28:51.536Z | INFO   | API HIT : [POST] /api/group/v1/view
2024-07-04T14:28:51.588Z | INFO   | API HIT : [POST] /api/expense/v1/group
2024-07-04T14:28:51.640Z | INFO   | API HIT : [POST] /api/group/v1/settlement
2024-07-04T14:28:51.709Z | INFO   | API HIT : [POST] /api/group/v1/view
2024-07-04T14:31:01.488Z | INFO   | API HIT : [POST] /api/group/v1/settlement
2024-07-04T14:31:01.585Z | INFO   | API HIT : [POST] /api/group/v1/view
2024-07-04T14:31:36.895Z | INFO   | API HIT : [POST] /api/group/v1/settlement
2024-07-04T14:31:36.974Z | INFO   | API HIT : [POST] /api/group/v1/view
2024-07-04T14:31:41.017Z | INFO   | API HIT : [POST] /api/group/v1/settlement
2024-07-04T14:31:41.090Z | INFO   | API HIT : [POST] /api/group/v1/view
2024-07-04T14:31:45.627Z | INFO   | API HIT : [POST] /api/group/v1/settlement
2024-07-04T14:31:45.698Z | INFO   | API HIT : [POST] /api/group/v1/view
2024-07-04T14:31:46.517Z | INFO   | API HIT : [GET] /api/users/v1/emailList
2024-07-04T14:31:47.514Z | INFO   | API HIT : [POST] /api/group/v1/user
2024-07-04T14:31:49.300Z | INFO   | API HIT : [POST] /api/group/v1/view
2024-07-04T14:31:49.360Z | INFO   | API HIT : [POST] /api/expense/v1/group
2024-07-04T14:31:51.209Z | INFO   | API HIT : [POST] /api/group/v1/settlement
2024-07-04T14:31:51.273Z | INFO   | API HIT : [POST] /api/group/v1/view
2024-07-04T14:33:20.351Z | INFO   | API HIT : [POST] /api/group/v1/settlement
2024-07-04T14:33:37.576Z | INFO   | API HIT : [POST] /api/group/v1/settlement
2024-07-04T14:33:43.658Z | INFO   | API HIT : [POST] /api/group/v1/settlement
2024-07-04T14:33:52.197Z | INFO   | API HIT : [POST] /api/expense/v1/user
2024-07-04T14:33:52.257Z | INFO   | API HIT : [POST] /api/group/v1/user
2024-07-04T14:33:52.363Z | INFO   | API HIT : [POST] /api/expense/v1/user/monthlyExp
2024-07-04T14:33:52.366Z | INFO   | API HIT : [POST] /api/group/v1/user
2024-07-04T14:33:52.367Z | INFO   | API HIT : [POST] /api/expense/v1/user/recent
2024-07-04T14:33:52.368Z | INFO   | API HIT : [POST] /api/expense/v1/user/categoryExp
2024-07-04T14:33:52.414Z | INFO   | API HIT : [POST] /api/expense/v1/user/dailyExp
2024-07-04T14:34:46.292Z | INFO   | API HIT : [POST] /api/expense/v1/user
2024-07-04T14:34:46.342Z | INFO   | API HIT : [POST] /api/group/v1/user
2024-07-04T14:34:46.438Z | INFO   | API HIT : [POST] /api/expense/v1/user/monthlyExp
2024-07-04T14:34:46.441Z | INFO   | API HIT : [POST] /api/expense/v1/user/recent
2024-07-04T14:34:46.442Z | INFO   | API HIT : [POST] /api/expense/v1/user/categoryExp
2024-07-04T14:34:46.487Z | INFO   | API HIT : [POST] /api/expense/v1/user/dailyExp
2024-07-04T14:34:52.724Z | INFO   | API HIT : [POST] /api/group/v1/user
2024-07-04T14:34:52.727Z | INFO   | API HIT : [POST] /api/expense/v1/user
2024-07-04T14:34:52.775Z | INFO   | API HIT : [POST] /api/group/v1/user
2024-07-04T14:34:52.869Z | INFO   | API HIT : [POST] /api/expense/v1/user/monthlyExp
2024-07-04T14:34:52.870Z | INFO   | API HIT : [POST] /api/group/v1/user
2024-07-04T14:34:52.871Z | INFO   | API HIT : [POST] /api/expense/v1/user/recent
2024-07-04T14:34:52.872Z | INFO   | API HIT : [POST] /api/expense/v1/user/categoryExp
2024-07-04T14:34:52.913Z | INFO   | API HIT : [POST] /api/expense/v1/user/dailyExp
2024-07-04T14:35:17.507Z | INFO   | API HIT : [POST] /api/group/v1/user
2024-07-04T14:35:19.603Z | INFO   | API HIT : [POST] /api/group/v1/view
2024-07-04T14:35:19.652Z | INFO   | API HIT : [POST] /api/expense/v1/group
2024-07-04T14:35:22.124Z | INFO   | API HIT : [POST] /api/group/v1/settlement
2024-07-04T14:35:25.442Z | INFO   | API HIT : [POST] /api/expense/v1/user
2024-07-04T14:35:25.492Z | INFO   | API HIT : [POST] /api/group/v1/user
2024-07-04T14:35:25.600Z | INFO   | API HIT : [POST] /api/expense/v1/user/monthlyExp
2024-07-04T14:35:25.601Z | INFO   | API HIT : [POST] /api/group/v1/user
2024-07-04T14:35:25.602Z | INFO   | API HIT : [POST] /api/expense/v1/user/recent
2024-07-04T14:35:25.603Z | INFO   | API HIT : [POST] /api/expense/v1/user/categoryExp
2024-07-04T14:35:25.650Z | INFO   | API HIT : [POST] /api/expense/v1/user/dailyExp
2024-07-04T14:36:00.491Z | INFO   | API HIT : [POST] /api/expense/v1/user
2024-07-04T14:36:00.554Z | INFO   | API HIT : [POST] /api/group/v1/user
2024-07-04T14:36:00.647Z | INFO   | API HIT : [POST] /api/expense/v1/user/recent
2024-07-04T14:36:00.648Z | INFO   | API HIT : [POST] /api/expense/v1/user/categoryExp
2024-07-04T14:36:17.257Z | INFO   | API HIT : [POST] /api/expense/v1/user
2024-07-04T14:36:17.320Z | INFO   | API HIT : [POST] /api/group/v1/user
2024-07-04T14:36:17.423Z | INFO   | API HIT : [POST] /api/expense/v1/user/recent
2024-07-04T14:36:36.664Z | INFO   | API HIT : [POST] /api/group/v1/user
2024-07-04T14:36:38.511Z | INFO   | API HIT : [GET] /api/users/v1/emailList
2024-07-04T14:36:39.444Z | INFO   | API HIT : [POST] /api/group/v1/user
2024-07-04T14:36:40.099Z | INFO   | API HIT : [POST] /api/expense/v1/user
2024-07-04T14:36:40.155Z | INFO   | API HIT : [POST] /api/group/v1/user
2024-07-04T14:36:40.254Z | INFO   | API HIT : [POST] /api/expense/v1/user/recent
2024-07-04T14:36:41.085Z | INFO   | API HIT : [POST] /api/group/v1/user
2024-07-04T14:36:42.260Z | INFO   | API HIT : [GET] /api/users/v1/emailList
2024-07-04T14:36:43.260Z | INFO   | API HIT : [POST] /api/expense/v1/user
2024-07-04T14:36:43.314Z | INFO   | API HIT : [POST] /api/group/v1/user
2024-07-04T14:36:43.412Z | INFO   | API HIT : [POST] /api/expense/v1/user/recent
2024-07-04T14:36:43.825Z | INFO   | API HIT : [POST] /api/group/v1/user
2024-07-04T14:36:45.446Z | INFO   | API HIT : [POST] /api/group/v1/view
2024-07-04T14:36:45.504Z | INFO   | API HIT : [POST] /api/expense/v1/group
2024-07-04T14:36:51.943Z | INFO   | API HIT : [POST] /api/expense/v1/user
2024-07-04T14:36:51.994Z | INFO   | API HIT : [POST] /api/group/v1/user
2024-07-04T14:36:52.093Z | INFO   | API HIT : [POST] /api/expense/v1/user/recent
2024-07-04T14:36:56.482Z | INFO   | API HIT : [POST] /api/group/v1/user
2024-07-04T14:36:57.761Z | INFO   | API HIT : [GET] /api/users/v1/emailList
2024-07-04T14:36:58.429Z | INFO   | API HIT : [POST] /api/group/v1/user
2024-07-04T14:36:59.226Z | INFO   | API HIT : [POST] /api/group/v1/view
2024-07-04T14:36:59.275Z | INFO   | API HIT : [POST] /api/expense/v1/group
2024-07-04T14:37:35.792Z | INFO   | API HIT : [POST] /api/group/v1/settlement
2024-07-04T14:37:43.833Z | INFO   | API HIT : [GET] /api/users/v1/emailList
2024-07-04T14:37:46.354Z | INFO   | API HIT : [POST] /api/expense/v1/user
2024-07-04T14:37:46.405Z | INFO   | API HIT : [POST] /api/group/v1/user
2024-07-04T14:37:46.511Z | INFO   | API HIT : [POST] /api/expense/v1/user/recent
2024-07-04T14:37:52.539Z | INFO   | API HIT : [POST] /api/group/v1/user
2024-07-04T14:37:53.745Z | INFO   | API HIT : [GET] /api/users/v1/emailList
2024-07-04T14:37:54.583Z | INFO   | API HIT : [POST] /api/expense/v1/user
2024-07-04T14:37:54.632Z | INFO   | API HIT : [POST] /api/group/v1/user
2024-07-04T14:37:54.726Z | INFO   | API HIT : [POST] /api/expense/v1/user/recent
2024-07-04T14:38:56.048Z | INFO   | API HIT : [POST] /api/group/v1/user
2024-07-04T14:38:57.622Z | INFO   | API HIT : [GET] /api/users/v1/emailList
2024-07-04T14:38:58.508Z | INFO   | API HIT : [POST] /api/expense/v1/user
2024-07-04T14:38:58.565Z | INFO   | API HIT : [POST] /api/group/v1/user
2024-07-04T14:38:58.663Z | INFO   | API HIT : [POST] /api/expense/v1/user/recent
2024-07-04T14:39:00.997Z | INFO   | API HIT : [POST] /api/group/v1/user
2024-07-04T14:39:03.738Z | INFO   | API HIT : [POST] /api/group/v1/view
2024-07-04T14:39:03.794Z | INFO   | API HIT : [POST] /api/expense/v1/group
2024-07-04T14:39:05.725Z | INFO   | API HIT : [POST] /api/group/v1/user
2024-07-04T14:39:07.043Z | INFO   | API HIT : [POST] /api/group/v1/view
2024-07-04T14:39:07.101Z | INFO   | API HIT : [POST] /api/expense/v1/group
2024-07-04T14:39:10.355Z | INFO   | API HIT : [POST] /api/group/v1/settlement
2024-07-04T14:39:14.703Z | INFO   | API HIT : [POST] /api/group/v1/settlement
2024-07-04T14:39:18.073Z | INFO   | API HIT : [GET] /api/users/v1/emailList
2024-07-04T14:39:20.940Z | INFO   | API HIT : [POST] /api/expense/v1/user
2024-07-04T14:39:20.998Z | INFO   | API HIT : [POST] /api/group/v1/user
2024-07-04T14:39:21.099Z | INFO   | API HIT : [POST] /api/expense/v1/user/recent
2024-07-04T14:40:13.714Z | INFO   | API HIT : [POST] /api/group/v1/user
2024-07-04T14:40:15.317Z | INFO   | API HIT : [GET] /api/users/v1/emailList
2024-07-04T14:40:16.206Z | INFO   | API HIT : [POST] /api/expense/v1/user
2024-07-04T14:40:16.266Z | INFO   | API HIT : [POST] /api/group/v1/user
2024-07-04T14:40:16.368Z | INFO   | API HIT : [POST] /api/expense/v1/user/recent
2024-07-04T14:40:23.903Z | INFO   | API HIT : [POST] /api/users/v1/view
2024-07-04T14:42:53.616Z | INFO   | API HIT : [POST] /api/expense/v1/user
2024-07-04T14:42:53.686Z | INFO   | API HIT : [POST] /api/group/v1/user
2024-07-04T14:42:53.802Z | INFO   | API HIT : [POST] /api/expense/v1/user/recent
2024-07-16T15:54:04.185Z | INFO   | Server started in PORT | 3001
2024-07-16T15:54:16.802Z | INFO   | DB Connection Established
2024-07-16T15:54:19.364Z | INFO   | API HIT : [POST] /api/expense/v1/user
2024-07-16T15:54:19.427Z | INFO   | API HIT : [POST] /api/group/v1/user
2024-07-16T15:54:19.544Z | INFO   | API HIT : [POST] /api/expense/v1/user/recent
2024-07-16T15:55:50.179Z | INFO   | API HIT : [POST] /api/group/v1/user
2024-07-16T15:55:51.272Z | INFO   | API HIT : [GET] /api/users/v1/emailList
2024-07-16T15:55:52.306Z | INFO   | API HIT : [POST] /api/expense/v1/user
2024-07-16T15:55:52.357Z | INFO   | API HIT : [POST] /api/group/v1/user
2024-07-16T15:55:52.460Z | INFO   | API HIT : [POST] /api/expense/v1/user/recent
